<?xml version="1.0" encoding="UTF-8"?>
<!-- Generated by org.testng.reporters.JUnitXMLReporter -->
<testsuite hostname="Naresh" ignored="0" name="Test" tests="4" failures="1" timestamp="14 Nov 2017 15:15:08 GMT" time="1.059" errors="0">
  <testcase name="display" time="0.139" classname="SeleniumDemo.TestNGDemo"/>
  <testcase name="show" time="0.04" classname="SeleniumDemo.TestNGDemo"/>
  <testcase name="failureCase" time="0.02" classname="SeleniumDemo.TestNGDemo">
    <failure type="junit.framework.AssertionFailedError" message="expected:&amp;lt;2&amp;gt; but was:&amp;lt;3&amp;gt;">
      <![CDATA[junit.framework.AssertionFailedError: expected:<2> but was:<3>
	at junit.framework.Assert.fail(Assert.java:57)
	at junit.framework.Assert.failNotEquals(Assert.java:329)
	at junit.framework.Assert.assertEquals(Assert.java:78)
	at junit.framework.Assert.assertEquals(Assert.java:234)
	at junit.framework.Assert.assertEquals(Assert.java:241)
	at SeleniumDemo.TestNGDemo.failureCase(TestNGDemo.java:26)
... Removed 25 stack frames]]>
    </failure>
  </testcase> <!-- failureCase -->
  <testcase name="addition" time="0.057" classname="SeleniumDemo.TestNGDemo"/>
</testsuite> <!-- Test -->
