<?xml version="1.0" encoding="UTF-8"?>
<testng-results skipped="0" failed="0" ignored="0" total="1" passed="1">
  <reporter-output>
  </reporter-output>
  <suite name="Default suite" duration-ms="339" started-at="2017-12-11T03:13:29Z" finished-at="2017-12-11T03:13:29Z">
    <groups>
    </groups>
    <test name="Default test" duration-ms="339" started-at="2017-12-11T03:13:29Z" finished-at="2017-12-11T03:13:29Z">
      <class name="SeleniumDemo.DataDrivenDemo">
        <test-method status="PASS" signature="setup()[pri:0, instance:SeleniumDemo.DataDrivenDemo@58651fd0]" name="setup" is-config="true" duration-ms="21" started-at="2017-12-11T08:43:29Z" finished-at="2017-12-11T08:43:29Z">
          <reporter-output>
          </reporter-output>
        </test-method> <!-- setup -->
        <test-method status="PASS" signature="readExcelData()[pri:0, instance:SeleniumDemo.DataDrivenDemo@58651fd0]" name="readExcelData" duration-ms="136" started-at="2017-12-11T08:43:29Z" finished-at="2017-12-11T08:43:29Z">
          <reporter-output>
          </reporter-output>
        </test-method> <!-- readExcelData -->
        <test-method status="PASS" signature="tearDown()[pri:0, instance:SeleniumDemo.DataDrivenDemo@58651fd0]" name="tearDown" is-config="true" duration-ms="2" started-at="2017-12-11T08:43:29Z" finished-at="2017-12-11T08:43:29Z">
          <reporter-output>
          </reporter-output>
        </test-method> <!-- tearDown -->
      </class> <!-- SeleniumDemo.DataDrivenDemo -->
    </test> <!-- Default test -->
  </suite> <!-- Default suite -->
</testng-results>
